2019-06-13T12:05:00.016Z [airiqcrawler] info: 17:35:00.003 Cron started
2019-06-13T12:05:06.347Z [airiqcrawler] info: 17:35:06.346 Operation completed
2019-06-13T12:05:06.349Z [airiqcrawler] info: 17:35:06.348 Process completed.
2019-06-13T12:07:40.141Z [airiqcrawler] info: 17:37:40.137 Operation completed
2019-06-13T12:07:40.146Z [airiqcrawler] info: 17:37:40.145 Process completed.
2019-06-13T12:14:46.668Z [airiqcrawler] info: 17:44:46.663 E1 => Error: waiting for selector "#ctl00_mainbody_Panel1 > div > .ChngColor > a > span" failed: timeout 6000ms exceeded
2019-06-13T12:14:46.682Z [airiqcrawler] info: 17:44:46.681 E2 => Error: Error: failed to find element matching selector "#ctl00_mainbody_Panel1 > div > .ChngColor > a > span"
2019-06-13T12:14:47.461Z [airiqcrawler] info: 17:44:47.461 Operation completed
2019-06-13T12:14:47.463Z [airiqcrawler] info: 17:44:47.463 Process completed.
2019-06-13T12:37:34.941Z [airiqcrawler] info: 18:07:34.936 0 - NA
2019-06-13T12:41:45.172Z [airiqcrawler] info: 18:11:45.169 0 - NA
2019-06-13T12:41:47.676Z [airiqcrawler] info: 18:11:47.669 TypeError: page.hackyWaitForFunction is not a function
2019-06-13T12:41:47.679Z [airiqcrawler] info: 18:11:47.678 E5 => TypeError: page.hackyWaitForFunction is not a function
2019-06-13T12:41:47.680Z [airiqcrawler] info: 18:11:47.679 END :: 0 - NA
2019-06-13T12:41:51.184Z [airiqcrawler] info: 18:11:51.183 Operation completed
2019-06-13T12:41:51.185Z [airiqcrawler] info: 18:11:51.185 Process completed.
2019-06-13T12:44:32.955Z [airiqcrawler] info: 18:14:32.947 0 - NA
2019-06-13T12:44:40.408Z [airiqcrawler] info: 18:14:40.406 END :: 0 - NA
2019-06-13T12:48:45.599Z [airiqcrawler] info: 18:18:45.593 0 - NA
2019-06-13T12:49:32.132Z [airiqcrawler] info: 18:19:32.125 END :: 0 - NA
2019-06-13T12:53:00.235Z [airiqcrawler] info: 18:23:00.229 0 - NA
2019-06-13T12:53:01.387Z [airiqcrawler] info: 18:23:01.386 END :: 0 - NA
2019-06-13T12:56:40.543Z [airiqcrawler] info: 18:26:40.539 0 - NA
2019-06-13T12:56:41.622Z [airiqcrawler] info: 18:26:41.621 END :: 0 - NA
2019-06-13T13:00:41.829Z [airiqcrawler] info: 18:30:41.825 0 - NA
2019-06-13T13:00:43.212Z [airiqcrawler] info: 18:30:43.211 END :: 0 - NA
2019-06-13T13:10:57.943Z [airiqcrawler] info: 18:40:57.937 0 - NA
2019-06-13T13:10:58.845Z [airiqcrawler] info: 18:40:58.843 END :: 0 - NA
2019-06-13T13:11:49.068Z [airiqcrawler] info: 18:41:49.062 0 - NA
2019-06-13T13:11:50.005Z [airiqcrawler] info: 18:41:50.003 END :: 0 - NA
2019-06-13T13:13:25.962Z [airiqcrawler] info: 18:43:25.955 0 - NA
2019-06-13T13:13:27.016Z [airiqcrawler] info: 18:43:27.014 END :: 0 - NA
2019-06-13T13:14:04.600Z [airiqcrawler] info: 18:44:04.595 0 - NA
2019-06-13T13:14:05.453Z [airiqcrawler] info: 18:44:05.451 END :: 0 - NA
2019-06-13T13:15:48.719Z [airiqcrawler] info: 18:45:48.716 0 - NA
2019-06-13T13:15:49.664Z [airiqcrawler] info: 18:45:49.663 END :: 0 - NA
2019-06-13T13:17:09.955Z [airiqcrawler] info: 18:47:09.954 0 - Ahmedabad / Mumbai
2019-06-13T13:38:44.307Z [airiqcrawler] info: 19:08:44.302 0 - NA
2019-06-13T13:38:58.821Z [airiqcrawler] info: 19:08:58.820 END :: 0 - NA
2019-06-13T13:39:50.117Z [airiqcrawler] info: 19:09:50.116 0 - Ahmedabad / Mumbai
2019-06-13T13:41:56.619Z [airiqcrawler] info: 19:11:56.615 0 - NA
2019-06-13T13:41:59.648Z [airiqcrawler] info: 19:11:59.646 END :: 0 - NA
2019-06-13T13:42:07.869Z [airiqcrawler] info: 19:12:07.867 0 - Ahmedabad / Mumbai
2019-06-13T13:46:52.329Z [airiqcrawler] info: 19:16:52.319 N03 = Function timed out - false
2019-06-13T13:47:43.018Z [airiqcrawler] info: 19:17:43.017 E16 => Error: waiting for selector "ctl00_mainbody_GV_Report1" failed: timeout 6000ms exceeded
2019-06-13T13:49:23.335Z [airiqcrawler] info: 19:19:23.334 E18 => Error: waiting for selector "div.flit-detls, #empty_lbl" failed: timeout 6000ms exceeded
