2019-04-17T11:52:08.867Z [airiqcrawler] info: 17:22:08.865 0 - NA
2019-04-17T11:52:16.015Z [airiqcrawler] info: 17:22:16.013 N02 = Function timed out - false
2019-04-17T11:52:27.425Z [airiqcrawler] info: 17:22:27.422 N02 = Function timed out - false
2019-04-17T11:52:39.061Z [airiqcrawler] info: 17:22:39.060 N02 = Function timed out - false
2019-04-17T11:52:46.222Z [airiqcrawler] info: 17:22:46.222 N02 = Function timed out - false
2019-04-17T11:52:53.368Z [airiqcrawler] info: 17:22:53.368 N02 = Function timed out - false
2019-04-17T11:52:55.221Z [airiqcrawler] info: 17:22:55.221 0 - NA
2019-04-17T11:52:55.769Z [airiqcrawler] info: 17:22:55.769 Operation completed
2019-04-17T11:52:55.770Z [airiqcrawler] info: 17:22:55.770 Process completed.
2019-04-17T11:54:26.262Z [airiqcrawler] info: 17:24:26.260 0 - NA
2019-04-17T11:54:31.742Z [airiqcrawler] info: 17:24:31.741 N02 = Function timed out - false
2019-04-17T11:54:38.884Z [airiqcrawler] info: 17:24:38.884 N02 = Function timed out - false
2019-04-17T11:54:45.991Z [airiqcrawler] info: 17:24:45.990 N02 = Function timed out - false
2019-04-17T11:54:53.140Z [airiqcrawler] info: 17:24:53.139 N02 = Function timed out - false
2019-04-17T11:55:00.251Z [airiqcrawler] info: 17:25:00.250 N02 = Function timed out - false
2019-04-17T11:55:02.104Z [airiqcrawler] info: 17:25:02.104 0 - NA
2019-04-17T11:55:02.784Z [airiqcrawler] info: 17:25:02.784 Operation completed
2019-04-17T11:55:02.784Z [airiqcrawler] info: 17:25:02.784 Process completed.
2019-04-17T12:39:39.014Z [airiqcrawler] info: 18:09:39.012 0 - NA
2019-04-17T12:39:44.541Z [airiqcrawler] info: 18:09:44.540 N02 = Function timed out - false
2019-04-17T12:39:51.773Z [airiqcrawler] info: 18:09:51.772 N02 = Function timed out - false
2019-04-17T12:39:58.963Z [airiqcrawler] info: 18:09:58.962 N02 = Function timed out - false
2019-04-17T12:40:06.167Z [airiqcrawler] info: 18:10:06.166 N02 = Function timed out - false
2019-04-17T12:40:13.364Z [airiqcrawler] info: 18:10:13.361 N02 = Function timed out - false
2019-04-17T12:40:15.247Z [airiqcrawler] info: 18:10:15.245 0 - NA
2019-04-17T12:40:15.993Z [airiqcrawler] info: 18:10:15.992 Operation completed
2019-04-17T12:40:15.993Z [airiqcrawler] info: 18:10:15.993 Process completed.
2019-04-17T12:41:32.023Z [airiqcrawler] info: 18:11:32.021 0 - NA
2019-04-17T12:41:37.932Z [airiqcrawler] info: 18:11:37.932 0 - NA
2019-04-17T12:41:38.614Z [airiqcrawler] info: 18:11:38.614 Operation completed
2019-04-17T12:41:38.615Z [airiqcrawler] info: 18:11:38.615 Process completed.
2019-04-17T12:47:16.504Z [airiqcrawler] info: 18:17:16.502 0 - NA
2019-04-17T12:47:17.032Z [airiqcrawler] info: 18:17:17.031 Delay = 1000
2019-04-17T12:47:22.058Z [airiqcrawler] info: 18:17:22.056 N02 = Function timed out - false
2019-04-17T12:47:24.253Z [airiqcrawler] info: 18:17:24.253 Delay = 1000
2019-04-17T12:47:29.309Z [airiqcrawler] info: 18:17:29.307 N02 = Function timed out - false
2019-04-17T12:47:31.458Z [airiqcrawler] info: 18:17:31.458 Delay = 1000
2019-04-17T12:47:36.479Z [airiqcrawler] info: 18:17:36.477 N02 = Function timed out - false
2019-04-17T12:47:38.667Z [airiqcrawler] info: 18:17:38.666 Delay = 1000
2019-04-17T12:48:38.114Z [airiqcrawler] info: 18:18:38.112 0 - NA
2019-04-17T12:48:38.619Z [airiqcrawler] info: 18:18:38.616 Delay = 1000
2019-04-17T12:48:39.667Z [airiqcrawler] info: 18:18:39.665 N02 = Function timed out - false
2019-04-17T12:48:41.907Z [airiqcrawler] info: 18:18:41.906 Delay = 1000
2019-04-17T12:48:42.912Z [airiqcrawler] info: 18:18:42.911 N02 = Function timed out - false
2019-04-17T12:48:45.122Z [airiqcrawler] info: 18:18:45.121 Delay = 1000
2019-04-17T12:48:46.130Z [airiqcrawler] info: 18:18:46.129 N02 = Function timed out - false
2019-04-17T12:48:48.221Z [airiqcrawler] info: 18:18:48.220 Delay = 1000
2019-04-17T12:48:49.261Z [airiqcrawler] info: 18:18:49.260 N02 = Function timed out - false
2019-04-17T12:48:51.427Z [airiqcrawler] info: 18:18:51.426 Delay = 1000
2019-04-17T12:48:52.480Z [airiqcrawler] info: 18:18:52.479 N02 = Function timed out - false
2019-04-17T12:48:54.379Z [airiqcrawler] info: 18:18:54.378 0 - NA
2019-04-17T12:48:55.210Z [airiqcrawler] info: 18:18:55.210 Operation completed
2019-04-17T12:48:55.212Z [airiqcrawler] info: 18:18:55.211 Process completed.
2019-04-17T12:52:06.185Z [airiqcrawler] info: 18:22:06.181 N01 = ReferenceError: check is not defined - false
2019-04-17T12:52:08.494Z [airiqcrawler] info: 18:22:08.493 0 - NA
2019-04-17T12:52:09.052Z [airiqcrawler] info: 18:22:09.051 Delay = 1000
2019-04-17T12:52:09.054Z [airiqcrawler] info: 18:22:09.053 N02 = ReferenceError: check is not defined - false
2019-04-17T12:52:09.588Z [airiqcrawler] info: 18:22:09.587 dom even fired
2019-04-17T12:52:11.238Z [airiqcrawler] info: 18:22:11.237 Delay = 1000
2019-04-17T12:52:11.239Z [airiqcrawler] info: 18:22:11.238 N02 = ReferenceError: check is not defined - false
2019-04-17T12:52:13.399Z [airiqcrawler] info: 18:22:13.397 Delay = 1000
2019-04-17T12:52:13.401Z [airiqcrawler] info: 18:22:13.400 N02 = ReferenceError: check is not defined - false
2019-04-17T12:52:15.608Z [airiqcrawler] info: 18:22:15.607 Delay = 1000
2019-04-17T12:52:15.610Z [airiqcrawler] info: 18:22:15.609 N02 = ReferenceError: check is not defined - false
2019-04-17T12:52:17.767Z [airiqcrawler] info: 18:22:17.767 Delay = 1000
2019-04-17T12:52:17.769Z [airiqcrawler] info: 18:22:17.768 N02 = ReferenceError: check is not defined - false
2019-04-17T12:52:19.624Z [airiqcrawler] info: 18:22:19.623 0 - NA
2019-04-17T12:52:20.344Z [airiqcrawler] info: 18:22:20.344 Operation completed
2019-04-17T12:52:20.345Z [airiqcrawler] info: 18:22:20.345 Process completed.
2019-04-17T12:57:25.014Z [airiqcrawler] info: 18:27:25.010 dom even fired
2019-04-17T12:57:25.048Z [airiqcrawler] info: 18:27:25.047 0 - NA
2019-04-17T12:57:25.542Z [airiqcrawler] info: 18:27:25.542 Delay = 1000
2019-04-17T12:57:26.577Z [airiqcrawler] info: 18:27:26.575 N02 = Timeout over - false
2019-04-17T12:57:28.763Z [airiqcrawler] info: 18:27:28.762 Delay = 1000
2019-04-17T12:57:29.814Z [airiqcrawler] info: 18:27:29.813 N02 = Timeout over - false
2019-04-17T12:57:32.025Z [airiqcrawler] info: 18:27:32.023 Delay = 1000
2019-04-17T12:57:33.066Z [airiqcrawler] info: 18:27:33.065 N02 = Timeout over - false
2019-04-17T12:57:35.220Z [airiqcrawler] info: 18:27:35.219 Delay = 1000
2019-04-17T12:57:36.265Z [airiqcrawler] info: 18:27:36.263 N02 = Timeout over - false
2019-04-17T12:57:38.422Z [airiqcrawler] info: 18:27:38.420 Delay = 1000
2019-04-17T12:57:39.448Z [airiqcrawler] info: 18:27:39.447 N02 = Timeout over - false
2019-04-17T12:57:41.373Z [airiqcrawler] info: 18:27:41.372 0 - NA
2019-04-17T12:57:42.234Z [airiqcrawler] info: 18:27:42.233 Operation completed
2019-04-17T12:57:42.235Z [airiqcrawler] info: 18:27:42.234 Process completed.
2019-04-17T12:59:05.342Z [airiqcrawler] info: 18:29:05.339 dom even fired
2019-04-17T12:59:05.386Z [airiqcrawler] info: 18:29:05.385 0 - NA
2019-04-17T12:59:05.918Z [airiqcrawler] info: 18:29:05.918 Delay = 1000
2019-04-17T12:59:08.106Z [airiqcrawler] info: 18:29:08.105 Delay = 1000
2019-04-17T12:59:10.286Z [airiqcrawler] info: 18:29:10.285 Delay = 1000
2019-04-17T12:59:12.460Z [airiqcrawler] info: 18:29:12.459 Delay = 1000
2019-04-17T12:59:14.605Z [airiqcrawler] info: 18:29:14.604 Delay = 1000
2019-04-17T12:59:16.538Z [airiqcrawler] info: 18:29:16.536 0 - NA
2019-04-17T12:59:17.299Z [airiqcrawler] info: 18:29:17.298 Operation completed
2019-04-17T12:59:17.300Z [airiqcrawler] info: 18:29:17.299 Process completed.
2019-04-17T12:59:39.688Z [airiqcrawler] info: 18:29:39.685 dom even fired
2019-04-17T12:59:39.739Z [airiqcrawler] info: 18:29:39.738 0 - NA
2019-04-17T12:59:40.209Z [airiqcrawler] info: 18:29:40.209 Delay = 1000
2019-04-17T12:59:42.417Z [airiqcrawler] info: 18:29:42.417 Delay = 1000
2019-04-17T12:59:44.522Z [airiqcrawler] info: 18:29:44.521 Delay = 1000
2019-04-17T12:59:46.705Z [airiqcrawler] info: 18:29:46.705 Delay = 1000
2019-04-17T12:59:48.821Z [airiqcrawler] info: 18:29:48.820 Delay = 1000
2019-04-17T12:59:50.734Z [airiqcrawler] info: 18:29:50.733 0 - NA
2019-04-17T12:59:52.119Z [airiqcrawler] info: 18:29:52.118 Operation completed
2019-04-17T12:59:52.120Z [airiqcrawler] info: 18:29:52.120 Process completed.
2019-04-17T13:01:30.694Z [airiqcrawler] info: 18:31:30.688 dom even fired
2019-04-17T13:01:30.718Z [airiqcrawler] info: 18:31:30.718 0 - NA
2019-04-17T13:01:31.244Z [airiqcrawler] info: 18:31:31.241 Delay = 1500
2019-04-17T13:01:33.920Z [airiqcrawler] info: 18:31:33.919 Delay = 1500
2019-04-17T13:01:36.608Z [airiqcrawler] info: 18:31:36.607 Delay = 1500
2019-04-17T13:01:39.324Z [airiqcrawler] info: 18:31:39.324 Delay = 1500
2019-04-17T13:01:42.059Z [airiqcrawler] info: 18:31:42.057 Delay = 1500
2019-04-17T13:01:44.517Z [airiqcrawler] info: 18:31:44.516 0 - NA
2019-04-17T13:01:45.281Z [airiqcrawler] info: 18:31:45.280 Operation completed
2019-04-17T13:01:45.282Z [airiqcrawler] info: 18:31:45.281 Process completed.
2019-04-17T13:31:54.662Z [airiqcrawler] info: 19:01:54.659 dom even fired
2019-04-17T13:32:01.578Z [airiqcrawler] info: 19:02:01.576 dom even fired
2019-04-17T13:32:01.630Z [airiqcrawler] info: 19:02:01.629 0 - NA
2019-04-17T13:32:02.171Z [airiqcrawler] info: 19:02:02.169 Delay = 1500
2019-04-17T13:32:04.981Z [airiqcrawler] info: 19:02:04.980 Delay = 1500
2019-04-17T13:32:07.689Z [airiqcrawler] info: 19:02:07.687 Delay = 1500
2019-04-17T13:32:55.722Z [airiqcrawler] info: 19:02:55.718 dom even fired
2019-04-17T13:32:55.749Z [airiqcrawler] info: 19:02:55.748 0 - NA
2019-04-17T13:32:56.276Z [airiqcrawler] info: 19:02:56.275 Delay = 1500
2019-04-17T13:32:59.090Z [airiqcrawler] info: 19:02:59.089 Delay = 1500
2019-04-17T13:33:01.880Z [airiqcrawler] info: 19:03:01.878 Delay = 1500
2019-04-17T13:33:04.581Z [airiqcrawler] info: 19:03:04.580 Delay = 1500
2019-04-17T13:33:07.348Z [airiqcrawler] info: 19:03:07.347 Delay = 1500
2019-04-17T13:33:09.811Z [airiqcrawler] info: 19:03:09.810 0 - NA
2019-04-17T13:33:10.382Z [airiqcrawler] info: 19:03:10.381 Operation completed
2019-04-17T13:33:10.383Z [airiqcrawler] info: 19:03:10.382 Process completed.
2019-04-17T13:34:38.194Z [airiqcrawler] info: 19:04:38.192 dom even fired
2019-04-17T13:34:38.234Z [airiqcrawler] info: 19:04:38.233 0 - NA
2019-04-17T13:34:38.700Z [airiqcrawler] info: 19:04:38.699 Delay = 1500
2019-04-17T13:34:41.524Z [airiqcrawler] info: 19:04:41.522 Delay = 1500
2019-04-17T13:34:44.289Z [airiqcrawler] info: 19:04:44.289 Delay = 1500
2019-04-17T13:34:47.079Z [airiqcrawler] info: 19:04:47.079 Delay = 1500
2019-04-17T13:34:49.861Z [airiqcrawler] info: 19:04:49.860 Delay = 1500
2019-04-17T13:34:52.390Z [airiqcrawler] info: 19:04:52.388 0 - NA
2019-04-17T13:34:53.178Z [airiqcrawler] info: 19:04:53.178 Operation completed
2019-04-17T13:34:53.179Z [airiqcrawler] info: 19:04:53.179 Process completed.
2019-04-17T14:16:44.613Z [airiqcrawler] info: 19:46:44.610 dom even fired
2019-04-17T14:16:51.633Z [airiqcrawler] info: 19:46:51.632 dom even fired
2019-04-17T14:16:51.677Z [airiqcrawler] info: 19:46:51.676 0 - NA
2019-04-17T14:16:52.196Z [airiqcrawler] info: 19:46:52.195 Delay = 1500
2019-04-17T14:16:55.679Z [airiqcrawler] info: 19:46:55.678 Delay = 1500
2019-04-17T14:16:59.157Z [airiqcrawler] info: 19:46:59.156 Delay = 1500
2019-04-17T14:17:02.634Z [airiqcrawler] info: 19:47:02.633 Delay = 1500
2019-04-17T14:17:06.126Z [airiqcrawler] info: 19:47:06.125 Delay = 1500
2019-04-17T14:17:09.382Z [airiqcrawler] info: 19:47:09.381 0 - NA
2019-04-17T14:17:10.134Z [airiqcrawler] info: 19:47:10.133 Operation completed
2019-04-17T14:17:10.134Z [airiqcrawler] info: 19:47:10.134 Process completed.
2019-04-17T16:02:00.676Z [airiqcrawler] info: 21:32:00.673 dom even fired
2019-04-17T16:02:00.700Z [airiqcrawler] info: 21:32:00.700 0 - NA
2019-04-17T16:02:01.184Z [airiqcrawler] info: 21:32:01.184 Delay = 1500
2019-04-17T16:02:04.693Z [airiqcrawler] info: 21:32:04.693 Delay = 1500
2019-04-17T16:02:08.166Z [airiqcrawler] info: 21:32:08.164 Delay = 1500
2019-04-17T16:02:11.671Z [airiqcrawler] info: 21:32:11.670 Delay = 1500
2019-04-17T16:02:15.182Z [airiqcrawler] info: 21:32:15.181 Delay = 1500
2019-04-17T16:04:06.726Z [airiqcrawler] info: 21:34:06.721 dom even fired
2019-04-17T16:04:06.777Z [airiqcrawler] info: 21:34:06.776 0 - NA
2019-04-17T16:04:07.293Z [airiqcrawler] info: 21:34:07.292 Delay = 1500
2019-04-17T16:04:10.791Z [airiqcrawler] info: 21:34:10.790 Delay = 1500
2019-04-17T16:04:14.123Z [airiqcrawler] info: 21:34:14.123 Delay = 1500
2019-04-17T16:04:17.605Z [airiqcrawler] info: 21:34:17.604 Delay = 1500
2019-04-17T16:05:27.596Z [airiqcrawler] info: 21:35:27.594 dom even fired
2019-04-17T16:05:27.620Z [airiqcrawler] info: 21:35:27.620 0 - NA
2019-04-17T16:05:28.130Z [airiqcrawler] info: 21:35:28.129 Delay = 1500
2019-04-17T16:05:31.608Z [airiqcrawler] info: 21:35:31.607 Delay = 1500
2019-04-17T16:05:35.060Z [airiqcrawler] info: 21:35:35.059 Delay = 1500
2019-04-17T16:07:00.128Z [airiqcrawler] info: 21:37:00.124 dom even fired
2019-04-17T16:07:00.183Z [airiqcrawler] info: 21:37:00.182 0 - NA
2019-04-17T16:07:00.702Z [airiqcrawler] info: 21:37:00.701 Delay = 1500
2019-04-17T16:07:04.197Z [airiqcrawler] info: 21:37:04.196 Delay = 1500
2019-04-17T16:07:07.599Z [airiqcrawler] info: 21:37:07.598 Delay = 1500
2019-04-17T16:07:11.058Z [airiqcrawler] info: 21:37:11.057 Delay = 1500
2019-04-17T16:14:17.337Z [airiqcrawler] info: 21:44:17.333 dom even fired
2019-04-17T16:14:17.382Z [airiqcrawler] info: 21:44:17.381 0 - NA
2019-04-17T16:14:17.877Z [airiqcrawler] info: 21:44:17.876 Delay = 1500
2019-04-17T16:14:21.234Z [airiqcrawler] info: 21:44:21.233 Delay = 1500
2019-04-17T16:14:24.633Z [airiqcrawler] info: 21:44:24.632 Delay = 1500
2019-04-17T16:14:28.005Z [airiqcrawler] info: 21:44:28.004 Delay = 1500
2019-04-17T16:14:31.381Z [airiqcrawler] info: 21:44:31.381 Delay = 1500
2019-04-17T16:14:34.524Z [airiqcrawler] info: 21:44:34.523 0 - NA
2019-04-17T16:14:35.203Z [airiqcrawler] info: 21:44:35.202 Operation completed
2019-04-17T16:14:35.204Z [airiqcrawler] info: 21:44:35.203 Process completed.
2019-04-17T16:16:02.177Z [airiqcrawler] info: 21:46:02.175 dom even fired
2019-04-17T16:16:02.223Z [airiqcrawler] info: 21:46:02.222 0 - NA
2019-04-17T16:16:02.740Z [airiqcrawler] info: 21:46:02.739 Delay = 1500
2019-04-17T16:16:06.098Z [airiqcrawler] info: 21:46:06.097 Delay = 1500
2019-04-17T16:16:09.527Z [airiqcrawler] info: 21:46:09.526 Delay = 1500
2019-04-17T16:16:12.929Z [airiqcrawler] info: 21:46:12.928 Delay = 1500
2019-04-17T16:16:16.328Z [airiqcrawler] info: 21:46:16.327 Delay = 1500
2019-04-17T16:16:19.458Z [airiqcrawler] info: 21:46:19.457 0 - NA
2019-04-17T16:16:20.360Z [airiqcrawler] info: 21:46:20.359 Operation completed
2019-04-17T16:16:20.361Z [airiqcrawler] info: 21:46:20.360 Process completed.
2019-04-17T16:16:45.417Z [airiqcrawler] info: 21:46:45.415 dom even fired
2019-04-17T16:16:45.466Z [airiqcrawler] info: 21:46:45.465 0 - NA
2019-04-17T16:16:45.970Z [airiqcrawler] info: 21:46:45.969 Delay = 1500
2019-04-17T16:16:49.289Z [airiqcrawler] info: 21:46:49.289 Delay = 1500
2019-04-17T16:16:52.705Z [airiqcrawler] info: 21:46:52.704 Delay = 1500
2019-04-17T16:16:56.120Z [airiqcrawler] info: 21:46:56.118 Delay = 1500
2019-04-17T16:16:59.449Z [airiqcrawler] info: 21:46:59.447 Delay = 1500
2019-04-17T16:18:34.787Z [airiqcrawler] info: 21:48:34.785 dom even fired
2019-04-17T16:18:41.511Z [airiqcrawler] info: 21:48:41.509 dom even fired
2019-04-17T16:18:41.572Z [airiqcrawler] info: 21:48:41.572 0 - NA
2019-04-17T16:18:42.057Z [airiqcrawler] info: 21:48:42.056 Delay = 1500
2019-04-17T16:20:10.350Z [airiqcrawler] info: 21:50:10.348 dom even fired
2019-04-17T16:20:10.393Z [airiqcrawler] info: 21:50:10.393 0 - NA
2019-04-17T16:20:10.862Z [airiqcrawler] info: 21:50:10.861 Delay = 1500
2019-04-17T16:21:26.661Z [airiqcrawler] info: 21:51:26.658 dom even fired
2019-04-17T16:21:33.373Z [airiqcrawler] info: 21:51:33.371 dom even fired
2019-04-17T16:21:33.408Z [airiqcrawler] info: 21:51:33.408 0 - NA
2019-04-17T16:21:33.898Z [airiqcrawler] info: 21:51:33.897 Delay = 1500
2019-04-17T16:28:22.655Z [airiqcrawler] info: 21:58:22.652 dom even fired
2019-04-17T16:28:22.679Z [airiqcrawler] info: 21:58:22.678 0 - NA
2019-04-17T16:28:23.151Z [airiqcrawler] info: 21:58:23.150 Delay = 1500
2019-04-17T16:30:21.263Z [airiqcrawler] info: 22:00:21.261 dom even fired
2019-04-17T16:30:21.296Z [airiqcrawler] info: 22:00:21.295 0 - NA
2019-04-17T16:30:21.783Z [airiqcrawler] info: 22:00:21.782 Delay = 1500
2019-04-17T16:30:25.170Z [airiqcrawler] info: 22:00:25.169 Delay = 1500
2019-04-17T16:30:28.623Z [airiqcrawler] info: 22:00:28.622 Delay = 1500
2019-04-17T16:30:32.054Z [airiqcrawler] info: 22:00:32.053 Delay = 1500
2019-04-17T16:30:35.453Z [airiqcrawler] info: 22:00:35.452 Delay = 1500
2019-04-17T16:30:38.564Z [airiqcrawler] info: 22:00:38.563 0 - NA
2019-04-17T16:30:39.239Z [airiqcrawler] info: 22:00:39.238 Operation completed
2019-04-17T16:30:39.240Z [airiqcrawler] info: 22:00:39.239 Process completed.
2019-04-17T16:32:49.175Z [airiqcrawler] info: 22:02:49.173 dom even fired
2019-04-17T16:32:49.225Z [airiqcrawler] info: 22:02:49.225 0 - NA
2019-04-17T16:33:06.557Z [airiqcrawler] info: 22:03:06.556 0 - NA
2019-04-17T16:33:07.308Z [airiqcrawler] info: 22:03:07.307 Operation completed
2019-04-17T16:33:07.309Z [airiqcrawler] info: 22:03:07.308 Process completed.
