2019-09-01T07:35:43.402Z [mair] info: 13:05:43.395 dom even fired
2019-09-01T07:35:43.466Z [mair] info: 13:05:43.465 0 - NA
2019-09-01T07:35:43.469Z [mair] info: 13:05:43.467 Perform user operation 0 - click
2019-09-01T07:35:47.806Z [mair] info: 13:05:47.805 Data : [{"ticket_type":"Economy","price":5100,"flight":"GoAir","flight_number":"G8-702","availability":9,"departure":{"circle":"Ahmedabad","date":"10/25/2019","time":"17:10","epoch_date":1572003600000},"arrival":{"circle":"Jaipur","date":"10/25/2019","time":"18:30","epoch_date":1572008400000},"runid":"2b51e3b6-1f35-4afb-ab10-2741e5143906_01-Sep-2019 13:05:31.604"},{"ticket_type":"Economy","price":5100,"flight":"GoAir","flight_number":"G8-702","availability":12,"departure":{"circle":"Ahmedabad","date":"10/26/2019","time":"17:10","epoch_date":1572090000000},"arrival":{"circle":"Jaipur","date":"10/26/2019","time":"18:30","epoch_date":1572094800000},"runid":"2b51e3b6-1f35-4afb-ab10-2741e5143906_01-Sep-2019 13:05:31.604"}]
2019-09-01T07:35:52.073Z [mair] info: 13:05:52.072 Data : [{"ticket_type":"Economy","price":5100,"flight":"GoAir","flight_number":"G8-702","availability":9,"departure":{"circle":"Ahmedabad","date":"10/25/2019","time":"17:10","epoch_date":1572003600000},"arrival":{"circle":"Jaipur","date":"10/25/2019","time":"18:30","epoch_date":1572008400000},"runid":"2b51e3b6-1f35-4afb-ab10-2741e5143906_01-Sep-2019 13:05:31.604"},{"ticket_type":"Economy","price":5100,"flight":"GoAir","flight_number":"G8-702","availability":12,"departure":{"circle":"Ahmedabad","date":"10/26/2019","time":"17:10","epoch_date":1572090000000},"arrival":{"circle":"Jaipur","date":"10/26/2019","time":"18:30","epoch_date":1572094800000},"runid":"2b51e3b6-1f35-4afb-ab10-2741e5143906_01-Sep-2019 13:05:31.604"}]
2019-09-01T07:35:56.317Z [mair] info: 13:05:56.316 Data : [{"ticket_type":"Economy","price":5100,"flight":"GoAir","flight_number":"G8-702","availability":9,"departure":{"circle":"Ahmedabad","date":"10/25/2019","time":"17:10","epoch_date":1572003600000},"arrival":{"circle":"Jaipur","date":"10/25/2019","time":"18:30","epoch_date":1572008400000},"runid":"2b51e3b6-1f35-4afb-ab10-2741e5143906_01-Sep-2019 13:05:31.604"},{"ticket_type":"Economy","price":5100,"flight":"GoAir","flight_number":"G8-702","availability":12,"departure":{"circle":"Ahmedabad","date":"10/26/2019","time":"17:10","epoch_date":1572090000000},"arrival":{"circle":"Jaipur","date":"10/26/2019","time":"18:30","epoch_date":1572094800000},"runid":"2b51e3b6-1f35-4afb-ab10-2741e5143906_01-Sep-2019 13:05:31.604"}]
2019-09-01T07:36:00.553Z [mair] info: 13:06:00.553 Data : [{"ticket_type":"Economy","price":5100,"flight":"GoAir","flight_number":"G8-702","availability":9,"departure":{"circle":"Ahmedabad","date":"10/25/2019","time":"17:10","epoch_date":1572003600000},"arrival":{"circle":"Jaipur","date":"10/25/2019","time":"18:30","epoch_date":1572008400000},"runid":"2b51e3b6-1f35-4afb-ab10-2741e5143906_01-Sep-2019 13:05:31.604"},{"ticket_type":"Economy","price":5100,"flight":"GoAir","flight_number":"G8-702","availability":12,"departure":{"circle":"Ahmedabad","date":"10/26/2019","time":"17:10","epoch_date":1572090000000},"arrival":{"circle":"Jaipur","date":"10/26/2019","time":"18:30","epoch_date":1572094800000},"runid":"2b51e3b6-1f35-4afb-ab10-2741e5143906_01-Sep-2019 13:05:31.604"}]
2019-09-01T07:36:04.761Z [mair] info: 13:06:04.760 Data : [{"ticket_type":"Economy","price":5100,"flight":"GoAir","flight_number":"G8-702","availability":9,"departure":{"circle":"Ahmedabad","date":"10/25/2019","time":"17:10","epoch_date":1572003600000},"arrival":{"circle":"Jaipur","date":"10/25/2019","time":"18:30","epoch_date":1572008400000},"runid":"2b51e3b6-1f35-4afb-ab10-2741e5143906_01-Sep-2019 13:05:31.604"},{"ticket_type":"Economy","price":5100,"flight":"GoAir","flight_number":"G8-702","availability":12,"departure":{"circle":"Ahmedabad","date":"10/26/2019","time":"17:10","epoch_date":1572090000000},"arrival":{"circle":"Jaipur","date":"10/26/2019","time":"18:30","epoch_date":1572094800000},"runid":"2b51e3b6-1f35-4afb-ab10-2741e5143906_01-Sep-2019 13:05:31.604"}]
2019-09-01T07:36:09.007Z [mair] info: 13:06:09.006 Data : [{"ticket_type":"Economy","price":5100,"flight":"GoAir","flight_number":"G8-702","availability":9,"departure":{"circle":"Ahmedabad","date":"10/25/2019","time":"17:10","epoch_date":1572003600000},"arrival":{"circle":"Jaipur","date":"10/25/2019","time":"18:30","epoch_date":1572008400000},"runid":"2b51e3b6-1f35-4afb-ab10-2741e5143906_01-Sep-2019 13:05:31.604"},{"ticket_type":"Economy","price":5100,"flight":"GoAir","flight_number":"G8-702","availability":12,"departure":{"circle":"Ahmedabad","date":"10/26/2019","time":"17:10","epoch_date":1572090000000},"arrival":{"circle":"Jaipur","date":"10/26/2019","time":"18:30","epoch_date":1572094800000},"runid":"2b51e3b6-1f35-4afb-ab10-2741e5143906_01-Sep-2019 13:05:31.604"}]
2019-09-01T13:55:00.008Z [mair] info: 19:25:00.003 Cron started
2019-09-01T13:55:01.874Z [mair] info: 19:25:01.873 after view port
2019-09-01T13:55:06.217Z [mair] info: 19:25:06.216 after navigation done
2019-09-01T13:55:11.219Z [mair] info: 19:25:11.218 Waited for 5secs more
2019-09-01T13:55:13.969Z [mair] info: 19:25:13.968 dom even fired
2019-09-01T13:55:14.025Z [mair] info: 19:25:14.024 Page navigated...
2019-09-01T13:55:14.027Z [mair] info: 19:25:14.025 0 - NA - 1
2019-09-01T13:55:14.029Z [mair] info: 19:25:14.027 Perform user operation 0 - click
2019-09-01T13:55:18.294Z [mair] info: 19:25:18.294 Data : [{"ticket_type":"Economy","price":5100,"flight":"GoAir","flight_number":"G8-702","availability":9,"departure":{"circle":"Ahmedabad","date":"10/25/2019","time":"17:10","epoch_date":1572003600000},"arrival":{"circle":"Jaipur","date":"10/25/2019","time":"18:30","epoch_date":1572008400000},"runid":"f24f59c8-977f-44c5-8bde-b86aa067c98b_01-Sep-2019 19:25:00.018"},{"ticket_type":"Economy","price":5100,"flight":"GoAir","flight_number":"G8-702","availability":12,"departure":{"circle":"Ahmedabad","date":"10/26/2019","time":"17:10","epoch_date":1572090000000},"arrival":{"circle":"Jaipur","date":"10/26/2019","time":"18:30","epoch_date":1572094800000},"runid":"f24f59c8-977f-44c5-8bde-b86aa067c98b_01-Sep-2019 19:25:00.018"}]
2019-09-01T13:56:15.661Z [mair] info: 19:26:15.657 after view port
2019-09-01T13:56:17.692Z [mair] info: 19:26:17.691 Navigation error : Error: Navigation Timeout Exceeded: 2000ms exceeded
2019-09-01T13:56:17.695Z [mair] info: 19:26:17.694 after navigation done
2019-09-01T13:56:19.164Z [mair] info: 19:26:19.163 dom even fired
2019-09-01T13:56:22.697Z [mair] info: 19:26:22.696 Waited for 5secs more
2019-09-01T13:56:25.101Z [mair] info: 19:26:25.099 dom even fired
2019-09-01T13:56:25.156Z [mair] info: 19:26:25.155 Page navigated...
2019-09-01T13:56:25.159Z [mair] info: 19:26:25.158 0 - NA - 1
2019-09-01T13:56:25.161Z [mair] info: 19:26:25.160 Perform user operation 0 - click
2019-09-01T13:56:29.413Z [mair] info: 19:26:29.413 Data : [{"ticket_type":"Economy","price":5100,"flight":"GoAir","flight_number":"G8-702","availability":9,"departure":{"circle":"Ahmedabad","date":"10/25/2019","time":"17:10","epoch_date":1572003600000},"arrival":{"circle":"Jaipur","date":"10/25/2019","time":"18:30","epoch_date":1572008400000},"runid":"aa20b709-6cac-4bc3-8bc4-a8fd5591b2b0_01-Sep-2019 19:26:14.075"},{"ticket_type":"Economy","price":5100,"flight":"GoAir","flight_number":"G8-702","availability":12,"departure":{"circle":"Ahmedabad","date":"10/26/2019","time":"17:10","epoch_date":1572090000000},"arrival":{"circle":"Jaipur","date":"10/26/2019","time":"18:30","epoch_date":1572094800000},"runid":"aa20b709-6cac-4bc3-8bc4-a8fd5591b2b0_01-Sep-2019 19:26:14.075"}]
2019-09-01T14:00:13.467Z [mair] info: 19:30:13.465 after view port
2019-09-01T14:00:15.483Z [mair] info: 19:30:15.483 Navigation error : Error: Navigation Timeout Exceeded: 2000ms exceeded
2019-09-01T14:00:15.484Z [mair] info: 19:30:15.484 after navigation done
2019-09-01T14:00:16.692Z [mair] info: 19:30:16.691 dom even fired
2019-09-01T14:00:20.486Z [mair] info: 19:30:20.486 Waited for 5secs more
2019-09-01T14:00:22.917Z [mair] info: 19:30:22.916 Page navigated...
2019-09-01T14:00:22.919Z [mair] info: 19:30:22.918 0 - NA - 1
2019-09-01T14:00:22.920Z [mair] info: 19:30:22.919 Perform user operation 0 - click
2019-09-01T14:00:23.689Z [mair] info: 19:30:23.688 dom even fired
2019-09-01T14:00:25.051Z [mair] info: 19:30:25.050 Data : [{"ticket_type":"Economy","price":5100,"flight":"GoAir","flight_number":"G8-702","availability":9,"departure":{"circle":"Ahmedabad","date":"10/25/2019","time":"17:10","epoch_date":1572003600000},"arrival":{"circle":"Jaipur","date":"10/25/2019","time":"18:30","epoch_date":1572008400000},"runid":"9e40f69c-25b8-4b12-901b-565074cd8e2a_01-Sep-2019 19:30:11.888"},{"ticket_type":"Economy","price":5100,"flight":"GoAir","flight_number":"G8-702","availability":12,"departure":{"circle":"Ahmedabad","date":"10/26/2019","time":"17:10","epoch_date":1572090000000},"arrival":{"circle":"Jaipur","date":"10/26/2019","time":"18:30","epoch_date":1572094800000},"runid":"9e40f69c-25b8-4b12-901b-565074cd8e2a_01-Sep-2019 19:30:11.888"}]
2019-09-01T14:00:29.289Z [mair] info: 19:30:29.288 Data : [{"ticket_type":"Economy","price":5100,"flight":"GoAir","flight_number":"G8-702","availability":9,"departure":{"circle":"Ahmedabad","date":"10/25/2019","time":"17:10","epoch_date":1572003600000},"arrival":{"circle":"Jaipur","date":"10/25/2019","time":"18:30","epoch_date":1572008400000},"runid":"9e40f69c-25b8-4b12-901b-565074cd8e2a_01-Sep-2019 19:30:11.888"},{"ticket_type":"Economy","price":5100,"flight":"GoAir","flight_number":"G8-702","availability":12,"departure":{"circle":"Ahmedabad","date":"10/26/2019","time":"17:10","epoch_date":1572090000000},"arrival":{"circle":"Jaipur","date":"10/26/2019","time":"18:30","epoch_date":1572094800000},"runid":"9e40f69c-25b8-4b12-901b-565074cd8e2a_01-Sep-2019 19:30:11.888"}]
