2019-10-22T10:03:38.966Z [tudancrawler] info: 15:33:38.963 info Circle => AMD-MAA
2019-10-22T10:03:39.979Z [tudancrawler] info: 15:33:39.979 info Circle => BLR-DEL
2019-10-22T10:03:40.999Z [tudancrawler] info: 15:33:40.999 info Circle => BOM-AMD
2019-10-22T10:03:42.008Z [tudancrawler] info: 15:33:42.007 info Circle => BOM-JAI
2019-10-22T10:03:43.026Z [tudancrawler] info: 15:33:43.025 info Circle => DEL-BLR
2019-10-22T10:03:44.050Z [tudancrawler] info: 15:33:44.050 info Circle => DEL-BOM
2019-10-22T10:03:45.062Z [tudancrawler] info: 15:33:45.062 info Circle => JAI-BLR
2019-10-22T10:03:46.074Z [tudancrawler] info: 15:33:46.074 info Circle => JAI-CCU
2019-10-22T10:03:47.083Z [tudancrawler] info: 15:33:47.083 info Circle => JAI-BOM
2019-10-22T10:03:48.183Z [tudancrawler] info: 15:33:48.182 info Circle => PNQ-JAI
2019-10-22T10:22:46.124Z [tudancrawler] info: 15:52:46.121 info Circle => AMD-MAA
2019-10-22T10:22:47.140Z [tudancrawler] info: 15:52:47.139 info Circle => BLR-DEL
2019-10-22T10:22:48.161Z [tudancrawler] info: 15:52:48.161 info Circle => BOM-AMD
2019-10-22T10:22:49.171Z [tudancrawler] info: 15:52:49.170 info Circle => BOM-JAI
2019-10-22T10:22:50.194Z [tudancrawler] info: 15:52:50.194 info Circle => DEL-BLR
2019-10-22T10:22:51.271Z [tudancrawler] info: 15:52:51.270 info Circle => DEL-BOM
2019-10-22T10:22:52.285Z [tudancrawler] info: 15:52:52.284 info Circle => JAI-BLR
2019-10-22T10:22:53.296Z [tudancrawler] info: 15:52:53.295 info Circle => JAI-CCU
2019-10-22T10:22:54.320Z [tudancrawler] info: 15:52:54.319 info Circle => JAI-BOM
2019-10-22T10:22:55.425Z [tudancrawler] info: 15:52:55.425 info Circle => PNQ-JAI
2019-10-22T10:27:28.917Z [tudancrawler] info: 15:57:28.911 info Circle => AMD-MAA
2019-10-22T10:27:29.930Z [tudancrawler] info: 15:57:29.929 info Circle => BLR-DEL
2019-10-22T10:27:30.950Z [tudancrawler] info: 15:57:30.950 info Circle => BOM-AMD
2019-10-22T10:27:31.958Z [tudancrawler] info: 15:57:31.958 info Circle => BOM-JAI
2019-10-22T10:27:32.976Z [tudancrawler] info: 15:57:32.976 info Circle => DEL-BLR
2019-10-22T10:27:34.015Z [tudancrawler] info: 15:57:34.015 info Circle => DEL-BOM
2019-10-22T10:27:35.073Z [tudancrawler] info: 15:57:35.072 info Circle => JAI-BLR
2019-10-22T10:27:36.089Z [tudancrawler] info: 15:57:36.089 info Circle => JAI-CCU
2019-10-22T10:27:37.098Z [tudancrawler] info: 15:57:37.097 info Circle => JAI-BOM
2019-10-22T10:27:38.351Z [tudancrawler] info: 15:57:38.350 info Circle => PNQ-JAI
2019-10-22T10:39:21.098Z [tudancrawler] info: 16:09:21.094 info Circle => AMD-MAA
2019-10-22T10:39:22.114Z [tudancrawler] info: 16:09:22.113 info Circle => BLR-DEL
2019-10-22T10:39:23.126Z [tudancrawler] info: 16:09:23.125 info Circle => BOM-AMD
2019-10-22T10:39:24.139Z [tudancrawler] info: 16:09:24.139 info Circle => BOM-JAI
2019-10-22T10:39:25.148Z [tudancrawler] info: 16:09:25.148 info Circle => DEL-BLR
2019-10-22T10:39:26.160Z [tudancrawler] info: 16:09:26.159 info Circle => DEL-BOM
2019-10-22T10:39:27.184Z [tudancrawler] info: 16:09:27.182 info Circle => JAI-BLR
2019-10-22T10:39:28.198Z [tudancrawler] info: 16:09:28.197 info Circle => JAI-CCU
2019-10-22T10:39:29.210Z [tudancrawler] info: 16:09:29.210 info Circle => JAI-BOM
2019-10-22T10:39:30.217Z [tudancrawler] info: 16:09:30.217 info Circle => PNQ-JAI
2019-10-22T10:39:39.978Z [tudancrawler] info: 16:09:39.978 Retrying once again.
2019-10-22T10:39:39.979Z [tudancrawler] info: 16:09:39.979 Process completed.
2019-10-22T10:39:59.262Z [tudancrawler] info: 16:09:59.260 info Circle => AMD-MAA
2019-10-22T10:40:00.282Z [tudancrawler] info: 16:10:00.281 info Circle => BLR-DEL
2019-10-22T10:40:01.292Z [tudancrawler] info: 16:10:01.292 info Circle => BOM-AMD
2019-10-22T10:40:02.307Z [tudancrawler] info: 16:10:02.306 info Circle => BOM-JAI
2019-10-22T10:40:03.323Z [tudancrawler] info: 16:10:03.323 info Circle => DEL-BLR
2019-10-22T10:40:04.332Z [tudancrawler] info: 16:10:04.332 info Circle => DEL-BOM
2019-10-22T10:40:05.341Z [tudancrawler] info: 16:10:05.341 info Circle => JAI-BLR
2019-10-22T10:40:06.349Z [tudancrawler] info: 16:10:06.348 info Circle => JAI-CCU
2019-10-22T10:40:07.356Z [tudancrawler] info: 16:10:07.356 info Circle => JAI-BOM
2019-10-22T10:40:08.364Z [tudancrawler] info: 16:10:08.364 info Circle => PNQ-JAI
